E:\EASYDARWINPROJ\RTMPCAMERA_0905\VS2010\DEBUG\CJSON.OBJ
E:\EasyDarwinProj\RtmpCamera_0905\vs2010\Debug\cl.command.1.tlog
E:\EasyDarwinProj\RtmpCamera_0905\vs2010\Debug\CL.read.1.tlog
E:\EasyDarwinProj\RtmpCamera_0905\vs2010\Debug\CL.write.1.tlog
E:\EASYDARWINPROJ\RTMPCAMERA_0905\VS2010\DEBUG\EHTTPD.OBJ
E:\EASYDARWINPROJ\RTMPCAMERA_0905\VS2010\DEBUG\EINIFILE.OBJ
E:\EASYDARWINPROJ\RTMPCAMERA_0905\VS2010\DEBUG\GETOPT.OBJ
E:\EASYDARWINPROJ\RTMPCAMERA_0905\VS2010\DEBUG\HTTP_PARSER.OBJ
E:\EasyDarwinProj\RtmpCamera_0905\vs2010\Debug\link.10736.read.1.tlog
E:\EasyDarwinProj\RtmpCamera_0905\vs2010\Debug\link.10736.write.1.tlog
E:\EasyDarwinProj\RtmpCamera_0905\vs2010\Debug\link.10736-cvtres.read.1.tlog
E:\EasyDarwinProj\RtmpCamera_0905\vs2010\Debug\link.10736-cvtres.write.1.tlog
E:\EasyDarwinProj\RtmpCamera_0905\vs2010\Debug\link.command.1.tlog
E:\EasyDarwinProj\RtmpCamera_0905\vs2010\Debug\link.read.1.tlog
E:\EasyDarwinProj\RtmpCamera_0905\vs2010\Debug\link.write.1.tlog
E:\EasyDarwinProj\RtmpCamera_0905\vs2010\Debug\link-cvtres.read.1.tlog
E:\EasyDarwinProj\RtmpCamera_0905\vs2010\Debug\link-cvtres.write.1.tlog
E:\EASYDARWINPROJ\RTMPCAMERA_0905\VS2010\DEBUG\MAIN.OBJ
E:\EasyDarwinProj\RtmpCamera_0905\vs2010\Debug\mt.command.1.tlog
E:\EasyDarwinProj\RtmpCamera_0905\vs2010\Debug\mt.read.1.tlog
E:\EasyDarwinProj\RtmpCamera_0905\vs2010\Debug\mt.write.1.tlog
E:\EasyDarwinProj\RtmpCamera_0905\vs2010\Debug\rc.command.1.tlog
E:\EasyDarwinProj\RtmpCamera_0905\vs2010\Debug\rc.read.1.tlog
E:\EasyDarwinProj\RtmpCamera_0905\vs2010\Debug\rc.write.1.tlog
E:\EASYDARWINPROJ\RTMPCAMERA_0905\VS2010\DEBUG\RTMPMGR.OBJ
E:\EASYDARWINPROJ\RTMPCAMERA_0905\VS2010\DEBUG\RTMPPUSHEXT.OBJ
E:\EasyDarwinProj\RtmpCamera_0905\vs2010\Debug\vc100.idb
E:\EASYDARWINPROJ\RTMPCAMERA_0905\VS2010\DEBUG\VC100.PDB
E:\EASYDARWINPROJ\RTMPCAMERA_0905\VS2010\DEBUG\VS2010.EXE
E:\EASYDARWINPROJ\RTMPCAMERA_0905\VS2010\DEBUG\VS2010.EXE.EMBED.MANIFEST
E:\EASYDARWINPROJ\RTMPCAMERA_0905\VS2010\DEBUG\VS2010.EXE.EMBED.MANIFEST.RES
E:\EASYDARWINPROJ\RTMPCAMERA_0905\VS2010\DEBUG\VS2010.EXE.INTERMEDIATE.MANIFEST
E:\EasyDarwinProj\RtmpCamera_0905\vs2010\Debug\vs2010.exp
E:\EASYDARWINPROJ\RTMPCAMERA_0905\VS2010\DEBUG\VS2010.ILK
E:\EasyDarwinProj\RtmpCamera_0905\vs2010\Debug\vs2010.lib
E:\EASYDARWINPROJ\RTMPCAMERA_0905\VS2010\DEBUG\VS2010.PDB
E:\EasyDarwinProj\RtmpCamera_0905\vs2010\Debug\vs2010.write.1.tlog
E:\EasyDarwinProj\RtmpCamera_0905\vs2010\Debug\vs2010_manifest.rc
